<?xml version="1.0" encoding="UTF-8"?>
<!-- Generated by org.testng.reporters.JUnitXMLReporter -->
<testsuite ignored="0" hostname="MSI" failures="0" tests="3" name="Test" time="0.024" errors="0" timestamp="07 Sep 2024 14:44:52 GMT">
  <testcase classname="com.testng.training.TestNGExample" name="test1" time="0.008"/>
  <testcase classname="com.testng.training.TestNGExample" name="test2" time="0.001"/>
  <testcase classname="com.testng.training.TestNGExample" name="test3" time="0.0"/>
</testsuite> <!-- Test -->
