<?xml version="1.0" encoding="UTF-8"?>
<testng-results ignored="0" total="2" passed="2" failed="0" skipped="0">
  <reporter-output>
  </reporter-output>
  <suite started-at="2024-09-09T23:25:28Z" name="Default suite" finished-at="2024-09-09T23:25:28Z" duration-ms="27">
    <groups>
    </groups>
    <test started-at="2024-09-09T23:25:28Z" name="Default test" finished-at="2024-09-09T23:25:28Z" duration-ms="27">
      <class name="com.testng.training.NewTest2">
        <test-method is-config="true" signature="beforeClass()[pri:0, instance:com.testng.training.NewTest2@71e9ebae]" started-at="2024-09-09T23:25:28Z" name="beforeClass" finished-at="2024-09-09T23:25:28Z" duration-ms="6" status="PASS">
          <reporter-output>
          </reporter-output>
        </test-method> <!-- beforeClass -->
        <test-method signature="test2()[pri:0, instance:com.testng.training.NewTest2@71e9ebae]" started-at="2024-09-09T23:25:28Z" name="test2" finished-at="2024-09-09T23:25:28Z" duration-ms="4" status="PASS">
          <reporter-output>
          </reporter-output>
        </test-method> <!-- test2 -->
        <test-method is-config="true" signature="beforeMethod()[pri:0, instance:com.testng.training.NewTest2@71e9ebae]" started-at="2024-09-09T23:25:28Z" name="beforeMethod" finished-at="2024-09-09T23:25:28Z" duration-ms="0" status="PASS">
          <reporter-output>
          </reporter-output>
        </test-method> <!-- beforeMethod -->
        <test-method is-config="true" signature="afterMethod()[pri:0, instance:com.testng.training.NewTest2@71e9ebae]" started-at="2024-09-09T23:25:28Z" name="afterMethod" finished-at="2024-09-09T23:25:28Z" duration-ms="0" status="PASS">
          <reporter-output>
          </reporter-output>
        </test-method> <!-- afterMethod -->
        <test-method is-config="true" signature="beforeMethod()[pri:0, instance:com.testng.training.NewTest2@71e9ebae]" started-at="2024-09-09T23:25:28Z" name="beforeMethod" finished-at="2024-09-09T23:25:28Z" duration-ms="2" status="PASS">
          <reporter-output>
          </reporter-output>
        </test-method> <!-- beforeMethod -->
        <test-method signature="test1()[pri:0, instance:com.testng.training.NewTest2@71e9ebae]" started-at="2024-09-09T23:25:28Z" name="test1" finished-at="2024-09-09T23:25:28Z" duration-ms="0" status="PASS">
          <reporter-output>
          </reporter-output>
        </test-method> <!-- test1 -->
        <test-method is-config="true" signature="afterClass()[pri:0, instance:com.testng.training.NewTest2@71e9ebae]" started-at="2024-09-09T23:25:28Z" name="afterClass" finished-at="2024-09-09T23:25:28Z" duration-ms="0" status="PASS">
          <reporter-output>
          </reporter-output>
        </test-method> <!-- afterClass -->
        <test-method is-config="true" signature="afterMethod()[pri:0, instance:com.testng.training.NewTest2@71e9ebae]" started-at="2024-09-09T23:25:28Z" name="afterMethod" finished-at="2024-09-09T23:25:28Z" duration-ms="0" status="PASS">
          <reporter-output>
          </reporter-output>
        </test-method> <!-- afterMethod -->
      </class> <!-- com.testng.training.NewTest2 -->
    </test> <!-- Default test -->
  </suite> <!-- Default suite -->
</testng-results>
